<?xml version="1.0" encoding="UTF-8"?>
<!-- Generated by org.testng.reporters.JUnitReportReporter -->
<testsuite skipped="0" hostname="LAPTOP-80RUN5J9" name="testCases.Reading_All_Products" tests="1" failures="0" timestamp="02 Feb 2022 06:08:15 GMT" time="2.079" errors="0">
  <testcase name="read_products" time="2.079" classname="testCases.Reading_All_Products"/>
</testsuite> <!-- testCases.Reading_All_Products -->
