<?xml version="1.0" encoding="UTF-8"?>
<!-- Generated by org.testng.reporters.JUnitReportReporter -->
<testsuite skipped="0" hostname="LAPTOP-80RUN5J9" name="testCases.Creating_A_Product" tests="1" failures="0" timestamp="02 Feb 2022 06:07:50 GMT" time="1.978" errors="0">
  <testcase name="Create_one_Product" time="1.978" classname="testCases.Creating_A_Product"/>
</testsuite> <!-- testCases.Creating_A_Product -->
